   1.99995   1.99995   1.99994   1.99994   1.99994
--------------------------------------------------
  -0.00018  -0.00018   0.00092   0.00092  -0.61508
   0.00019   0.00019  -0.00031  -0.00031  -0.42661
   0.00000   0.00000   0.00031  -0.00031   0.00000
   0.00051   0.00051  -0.00060  -0.00060  -0.00408
   0.00101  -0.00101   0.00000   0.00000   0.00000
  -0.00374  -0.00374   0.00615   0.00615  -0.02917
   0.00000   0.00000   0.00084  -0.00084   0.00000
   0.00057   0.00057  -0.00174  -0.00174   0.01086
   0.00117  -0.00117   0.00000   0.00000   0.00000
   0.00963   0.00963  -0.02394  -0.02394   0.06167
   0.00000   0.00000  -0.00451   0.00451   0.00000
  -0.00204  -0.00204   0.00855   0.00855  -0.01986
  -0.00214   0.00214   0.00000   0.00000  -0.00000
  -0.00030  -0.00030   0.00008   0.00008   0.00078
   0.00000   0.00000   0.00000   0.00000   0.00000
  -0.00028   0.00028   0.00000   0.00000  -0.00000
  -0.00002  -0.00002   0.00005   0.00005   0.00168
   0.00000   0.00000   0.00017  -0.00017   0.00000
  -0.00018  -0.00018   0.00092  -0.61508   0.00092
   0.00019   0.00019  -0.00031  -0.42661  -0.00031
  -0.00044  -0.00044   0.00067   0.00352   0.00036
  -0.00026  -0.00026   0.00003   0.00208   0.00056
   0.00101  -0.00101   0.00000   0.00000  -0.00000
  -0.00374  -0.00374   0.00613  -0.02921   0.00613
  -0.00050  -0.00050   0.00191  -0.00943   0.00110
  -0.00029  -0.00029   0.00017  -0.00549   0.00158
   0.00117  -0.00117   0.00000   0.00000  -0.00000
   0.00963   0.00963  -0.02385  -0.04888  -0.02374
   0.00177   0.00177  -0.00961   0.01732  -0.00511
   0.00102   0.00102  -0.00037   0.01002  -0.00811
  -0.00214   0.00214   0.00000   0.00000   0.00000
  -0.00030  -0.00030   0.00008   0.00078   0.00008
   0.00024  -0.00024   0.00000   0.00000  -0.00000
   0.00014  -0.00014   0.00000   0.00000  -0.00000
   0.00001   0.00001  -0.00017  -0.00081   0.00012
   0.00002   0.00002   0.00005  -0.00144  -0.00011
  -0.00018  -0.00018  -0.61508   0.00092   0.00092
   0.00019   0.00019  -0.42661  -0.00031  -0.00031
   0.00044   0.00044  -0.00352  -0.00067  -0.00036
  -0.00026  -0.00026   0.00208   0.00003   0.00056
   0.00101  -0.00101   0.00000   0.00000  -0.00000
  -0.00374  -0.00374  -0.02921   0.00613   0.00613
   0.00050   0.00050   0.00943  -0.00191  -0.00110
  -0.00029  -0.00029  -0.00549   0.00017   0.00158
   0.00117  -0.00117   0.00000   0.00000  -0.00000
   0.00963   0.00963   0.06201  -0.02385  -0.02374
  -0.00177  -0.00177  -0.01732   0.00961   0.00511
   0.00102   0.00102   0.01002  -0.00037  -0.00811
  -0.00214   0.00214   0.00000   0.00000   0.00000
  -0.00030  -0.00030   0.00078   0.00008   0.00008
  -0.00024   0.00024   0.00000   0.00000   0.00000
   0.00014  -0.00014   0.00000   0.00000  -0.00000
   0.00001   0.00001  -0.00081  -0.00017   0.00012
  -0.00002  -0.00002   0.00144  -0.00005   0.00011
   0.00012   0.61592   0.00021   0.00021   0.00021
  -0.00008   0.42551  -0.00005  -0.00005  -0.00005
   0.00000   0.00000   0.00014  -0.00014   0.00000
   0.00000   0.00000  -0.00008  -0.00008   0.00016
  -0.00010   0.00568  -0.00002  -0.00002  -0.00002
   0.00033   0.02658   0.00158   0.00158   0.00158
   0.00000   0.00000  -0.00036   0.00036   0.00000
   0.00000   0.00000   0.00022   0.00022  -0.00041
  -0.00003  -0.01215  -0.00108  -0.00108  -0.00108
  -0.00475  -0.02974  -0.00376  -0.00376  -0.00374
   0.00000   0.00000  -0.00112   0.00112   0.00000
   0.00000   0.00000   0.00064   0.00064  -0.00129
   0.00209   0.01351   0.00204   0.00204   0.00203
   0.00006   0.00229   0.00020   0.00020   0.00020
   0.00000   0.00000   0.00005  -0.00005   0.00000
   0.00000   0.00000  -0.00003  -0.00003   0.00006
   0.00000   0.00000  -0.00008  -0.00008   0.00016
   0.00000   0.00000   0.00014  -0.00014   0.00000
   0.61592   0.00012   0.00021   0.00021   0.00021
   0.42551  -0.00008  -0.00005  -0.00005  -0.00005
   0.00000   0.00000   0.00014  -0.00014   0.00000
   0.00000   0.00000  -0.00008  -0.00008   0.00016
  -0.00568   0.00010   0.00002   0.00002   0.00002
   0.02658   0.00033   0.00158   0.00158   0.00158
   0.00000   0.00000  -0.00036   0.00036   0.00000
   0.00000   0.00000   0.00022   0.00022  -0.00041
   0.01215   0.00003   0.00108   0.00108   0.00108
  -0.02974  -0.00475  -0.00376  -0.00376  -0.00374
   0.00000   0.00000  -0.00112   0.00112   0.00000
   0.00000   0.00000   0.00064   0.00064  -0.00129
  -0.01351  -0.00209  -0.00204  -0.00204  -0.00203
   0.00229   0.00006   0.00020   0.00020   0.00020
   0.00000   0.00000  -0.00005   0.00005   0.00000
   0.00000   0.00000   0.00003   0.00003  -0.00006
   0.00000   0.00000  -0.00008  -0.00008   0.00016
   0.00000   0.00000   0.00014  -0.00014   0.00000

   1.99480   1.99480   0.00000   0.00000   0.00000
--------------------------------------------------
  -0.06280  -0.06280   0.00000   0.00000   0.00000
  -0.08622  -0.08622   0.00000   0.00000   0.00000
  -0.00000  -0.00000   0.00000   0.00000   0.00000
  -0.05185  -0.05185   0.00000   0.00000   0.00000
  -0.03954   0.03954   0.00000   0.00000   0.00000
   0.24017   0.24017   0.00000   0.00000   0.00000
  -0.00000   0.00000   0.00000   0.00000   0.00000
  -0.06306  -0.06306   0.00000   0.00000   0.00000
  -0.06098   0.06098   0.00000   0.00000   0.00000
  -0.07746  -0.07746   0.00000   0.00000   0.00000
   0.00000   0.00000   0.00000   0.00000   0.00000
   0.02826   0.02826   0.00000   0.00000   0.00000
  -0.04188   0.04188   0.00000   0.00000   0.00000
   0.00342   0.00342   0.00000   0.00000   0.00000
  -0.00000  -0.00000   0.00000   0.00000   0.00000
   0.00696  -0.00696   0.00000   0.00000   0.00000
  -0.00553  -0.00553   0.00000   0.00000   0.00000
  -0.00000  -0.00000   0.00000   0.00000   0.00000
  -0.06282  -0.06282   0.00000   0.00000   0.00000
  -0.08620  -0.08620   0.00000   0.00000   0.00000
   0.04487   0.04487   0.00000   0.00000   0.00000
   0.02593   0.02593   0.00000   0.00000   0.00000
  -0.03954   0.03954   0.00000   0.00000   0.00000
   0.24022   0.24022   0.00000   0.00000   0.00000
   0.05463   0.05463   0.00000   0.00000   0.00000
   0.03151   0.03151   0.00000   0.00000   0.00000
  -0.06096   0.06096   0.00000   0.00000   0.00000
  -0.11794  -0.11794   0.00000   0.00000   0.00000
  -0.02471  -0.02471   0.00000   0.00000   0.00000
  -0.01433  -0.01433   0.00000   0.00000   0.00000
  -0.04188   0.04188   0.00000   0.00000   0.00000
   0.00342   0.00342   0.00000   0.00000   0.00000
  -0.00599   0.00599   0.00000   0.00000   0.00000
  -0.00344   0.00344   0.00000   0.00000   0.00000
   0.00276   0.00276   0.00000   0.00000   0.00000
   0.00477   0.00477   0.00000   0.00000   0.00000
  -0.06282  -0.06282   0.00000   0.00000   0.00000
  -0.08620  -0.08620   0.00000   0.00000   0.00000
  -0.04487  -0.04487   0.00000   0.00000   0.00000
   0.02593   0.02593   0.00000   0.00000   0.00000
  -0.03954   0.03954   0.00000   0.00000   0.00000
   0.24022   0.24022   0.00000   0.00000   0.00000
  -0.05463  -0.05463   0.00000   0.00000   0.00000
   0.03151   0.03151   0.00000   0.00000   0.00000
  -0.06096   0.06096   0.00000   0.00000   0.00000
  -0.07823  -0.07823   0.00000   0.00000   0.00000
   0.02471   0.02471   0.00000   0.00000   0.00000
  -0.01433  -0.01433   0.00000   0.00000   0.00000
  -0.04188   0.04188   0.00000   0.00000   0.00000
   0.00342   0.00342   0.00000   0.00000   0.00000
   0.00599  -0.00599   0.00000   0.00000   0.00000
  -0.00344   0.00344   0.00000   0.00000   0.00000
   0.00276   0.00276   0.00000   0.00000   0.00000
  -0.00477  -0.00477   0.00000   0.00000   0.00000
  -0.01467  -0.07085   0.00000   0.00000   0.00000
   0.00687  -0.10176   0.00000   0.00000   0.00000
  -0.00000  -0.00000   0.00000   0.00000   0.00000
  -0.00004  -0.00006   0.00000   0.00000   0.00000
   0.00146  -0.05635   0.00000   0.00000   0.00000
  -0.10061   0.35288   0.00000   0.00000   0.00000
   0.00000  -0.00000   0.00000   0.00000   0.00000
  -0.00001  -0.00000   0.00000   0.00000   0.00000
  -0.02591  -0.10976   0.00000   0.00000   0.00000
   0.32965   0.04125   0.00000   0.00000   0.00000
   0.00000   0.00000   0.00000   0.00000   0.00000
   0.00003   0.00003   0.00000   0.00000   0.00000
  -0.07906   0.01431   0.00000   0.00000   0.00000
   0.00781   0.00927   0.00000   0.00000   0.00000
  -0.00000  -0.00000   0.00000   0.00000   0.00000
  -0.00001  -0.00002   0.00000   0.00000   0.00000
   0.00000   0.00001   0.00000   0.00000   0.00000
  -0.00000  -0.00000   0.00000   0.00000   0.00000
  -0.07085  -0.01467   0.00000   0.00000   0.00000
  -0.10176   0.00687   0.00000   0.00000   0.00000
  -0.00000  -0.00000   0.00000   0.00000   0.00000
  -0.00006  -0.00004   0.00000   0.00000   0.00000
   0.05635  -0.00146   0.00000   0.00000   0.00000
   0.35288  -0.10061   0.00000   0.00000   0.00000
   0.00000   0.00000   0.00000   0.00000   0.00000
  -0.00000  -0.00001   0.00000   0.00000   0.00000
   0.10976   0.02591   0.00000   0.00000   0.00000
   0.04125   0.32965   0.00000   0.00000   0.00000
   0.00000   0.00000   0.00000   0.00000   0.00000
   0.00003   0.00003   0.00000   0.00000   0.00000
  -0.01431   0.07906   0.00000   0.00000   0.00000
   0.00927   0.00781   0.00000   0.00000   0.00000
   0.00000   0.00000   0.00000   0.00000   0.00000
   0.00002   0.00001   0.00000   0.00000   0.00000
   0.00001   0.00000   0.00000   0.00000   0.00000
  -0.00000  -0.00000   0.00000   0.00000   0.00000

