   1.99988   1.99988   1.99971   1.99971   1.99964
--------------------------------------------------
   0.00355  -1.00221  -0.00292  -0.00027  -0.00010
  -0.01410  -0.00961   0.00517   0.00311  -0.00067
   0.00000   0.00000   0.00000   0.00000   0.00000
   0.02122   0.00352   0.01660  -0.00263   0.00046
   0.00102   0.00012   0.00324  -0.00008  -0.00101
  -0.00048  -0.00268   0.00019  -0.00010  -0.00000
   0.00512   0.00838   0.00127   0.00079  -0.00407
   0.00000   0.00000   0.00000   0.00000   0.00000
  -0.00194  -0.00321   0.00193  -0.00069   0.00341
   0.00226   0.01156  -0.00203   0.00037   0.00204
   0.00268   0.00048  -0.00010   0.00019   0.00599
  -0.00838  -0.00512   0.00079   0.00127  -0.02251
   0.00000   0.00000   0.00000   0.00000   0.00000
  -0.00321  -0.00194   0.00069  -0.00193   0.03132
  -0.01156  -0.00226   0.00037  -0.00203  -0.01357
   1.00221  -0.00355  -0.00027  -0.00292   0.00248
   0.00961   0.01410   0.00311   0.00517  -0.00418
   0.00000   0.00000   0.00000   0.00000   0.00000
   0.00352   0.02122   0.00263  -0.01660   0.01104
  -0.00012  -0.00102  -0.00008   0.00324   0.00959
   0.00375  -0.00000   0.00000  -0.00554   1.00557
  -0.01057   0.00104   0.00000   0.02035   0.00085
   0.00000   0.00000   0.00000   0.00000   0.00000
  -0.01341   0.00042   0.00000  -0.00907   0.00330
  -0.00970   0.00053  -0.00000   0.02746   0.00453
   0.00000  -0.00375  -0.00554   0.00000   0.00009
  -0.00104   0.01057   0.02035   0.00000  -0.00103
   0.00000   0.00000   0.00000   0.00000   0.00000
   0.00042  -0.01341   0.00907  -0.00000   0.00075
  -0.00053   0.00970   0.02746  -0.00000   0.00011
   0.00148  -0.00148   0.00019   0.00019   0.00028
  -0.00231   0.00231   0.00150   0.00150  -0.00264
   0.00000   0.00000   0.00000   0.00000   0.00000
   0.00162   0.00162   0.00148  -0.00148   0.00116
   0.00644  -0.00644   0.00290   0.00290   0.00157
  -0.00040  -0.00360  -0.00601  -0.00000   0.00000
   0.00211   0.01075   0.02246   0.00030   0.00027
   0.00000   0.00000   0.00000   0.00000   0.00000
  -0.00144  -0.00869   0.02133  -0.00030  -0.00009
  -0.00146  -0.01391  -0.02335  -0.00028  -0.00028
   0.00360   0.00040  -0.00000  -0.00601  -0.00029
  -0.01075  -0.00211   0.00030   0.02246  -0.00059
   0.00000   0.00000   0.00000   0.00000   0.00000
  -0.00869  -0.00144   0.00030  -0.02133   0.00267
   0.01391   0.00146  -0.00028  -0.02335  -0.00122
   0.00022  -0.00406  -1.00580   0.00000   0.00000
  -0.00335   0.01161   0.00082   0.00027   0.00000
   0.00000   0.00000   0.00000   0.00000   0.00000
   0.00229  -0.01754   0.00332  -0.00018  -0.00000
   0.00044  -0.00390   0.00156  -0.00009   0.00000
   0.00406  -0.00022   0.00000  -1.00580   0.00570
  -0.01161   0.00335   0.00027   0.00082  -0.02175
   0.00000   0.00000   0.00000   0.00000   0.00000
  -0.01754   0.00229   0.00018  -0.00332  -0.00466
   0.00390  -0.00044  -0.00009   0.00156   0.02879

   1.99964   1.99962   1.99962   1.99951   1.99951
--------------------------------------------------
  -0.00248   0.00238   0.00039   0.00071   0.00183
   0.00418  -0.00427  -0.00202  -0.00550  -0.00381
   0.00000   0.00000   0.00000   0.00000   0.00000
   0.01104  -0.00361   0.00171   0.00220   0.00500
  -0.00959  -0.01285  -0.00194   0.00284   0.01019
  -0.00599   0.00028  -0.00010  -0.00576   1.00606
   0.02251  -0.00300   0.00029   0.02203  -0.00183
   0.00000   0.00000   0.00000   0.00000   0.00000
   0.03132  -0.00040  -0.00010  -0.03060  -0.00060
   0.01357  -0.00204   0.00019   0.00074   0.00640
   0.00000   0.00010  -0.00028  -1.00606   0.00576
   0.00407  -0.00029   0.00300   0.00183  -0.02203
   0.00000   0.00000   0.00000   0.00000   0.00000
   0.00341  -0.00010  -0.00040  -0.00060  -0.03060
  -0.00204  -0.00019   0.00204  -0.00640  -0.00074
   0.00010  -0.00039  -0.00238  -0.00183  -0.00071
   0.00067   0.00202   0.00427   0.00381   0.00550
   0.00000   0.00000   0.00000   0.00000   0.00000
   0.00046   0.00171  -0.00361   0.00500   0.00220
   0.00101   0.00194   0.01285  -0.01019  -0.00284
  -0.00009   0.00000   0.00019  -0.00644   0.00011
   0.00103   0.00037   0.00072   0.02560  -0.00431
   0.00000   0.00000   0.00000   0.00000   0.00000
   0.00075   0.00028  -0.00303   0.02948  -0.00208
  -0.00011   0.00009   0.00013  -0.01566   0.00272
  -1.00557  -0.00019  -0.00000  -0.00011   0.00644
  -0.00085  -0.00072  -0.00037   0.00431  -0.02560
   0.00000   0.00000   0.00000   0.00000   0.00000
   0.00330  -0.00303   0.00028  -0.00208   0.02948
  -0.00453  -0.00013  -0.00009  -0.00272   0.01566
  -0.00028   0.00550  -0.00550  -0.00010   0.00010
   0.00264  -0.02005   0.02005   0.00039  -0.00039
   0.00000   0.00000   0.00000   0.00000   0.00000
   0.00116  -0.03188  -0.03188  -0.00010  -0.00010
  -0.00157   0.00167  -0.00167  -0.00029   0.00029
   0.00029   1.00548  -0.00019   0.00000   0.00019
   0.00059   0.00099   0.00581  -0.00011  -0.00272
   0.00000   0.00000   0.00000   0.00000   0.00000
   0.00267  -0.00144  -0.00413   0.00010   0.00028
   0.00122  -0.00487   0.00053   0.00010   0.00185
  -0.00000   0.00019  -1.00548  -0.00019  -0.00000
  -0.00027  -0.00581  -0.00099   0.00272   0.00011
   0.00000   0.00000   0.00000   0.00000   0.00000
  -0.00009  -0.00413  -0.00144   0.00028   0.00010
   0.00028  -0.00053   0.00487  -0.00185  -0.00010
  -0.00570   0.00628  -0.00010  -0.00010  -0.00020
   0.02175  -0.02472   0.00037   0.00060  -0.00134
   0.00000   0.00000   0.00000   0.00000   0.00000
  -0.00466   0.01861  -0.00008   0.00001  -0.00235
  -0.02879  -0.02619   0.00039  -0.00050   0.00170
   0.00000   0.00010  -0.00628   0.00020   0.00010
  -0.00000  -0.00037   0.02472   0.00134  -0.00060
   0.00000   0.00000   0.00000   0.00000   0.00000
  -0.00000  -0.00008   0.01861  -0.00235   0.00001
  -0.00000  -0.00039   0.02619  -0.00170   0.00050

   1.99951   1.99424   1.98711   1.98711   1.97499
--------------------------------------------------
   0.00114   0.00920   0.00029   0.01631   0.01461
  -0.00051  -0.03865  -0.00603  -0.08591  -0.07687
   0.00000   0.00000   0.00000   0.00000  -0.00000
   0.00546   0.02431   0.00474  -0.07974  -0.03445
  -0.00560   0.05350   0.00362  -0.06532   0.08568
   0.00000  -0.11845   0.00033   0.00041  -0.09709
  -0.00021   0.44629  -0.00120  -0.00814   0.35376
   0.00000  -0.00000   0.00000  -0.00000  -0.00000
  -0.00010  -0.32247   0.00094  -0.00034   0.41542
  -0.00011  -0.14285  -0.00124  -0.00362  -0.05583
   0.00000  -0.11845   0.00041   0.00033   0.00158
  -0.00021   0.44629  -0.00814  -0.00120   0.03458
   0.00000  -0.00000   0.00000   0.00000   0.00000
   0.00010   0.32247   0.00034  -0.00094   0.01588
  -0.00011  -0.14285  -0.00362  -0.00124   0.00807
   0.00114   0.00920   0.01631   0.00029  -0.00095
  -0.00051  -0.03865  -0.08591  -0.00603   0.00552
   0.00000   0.00000  -0.00000  -0.00000   0.00000
  -0.00546  -0.02431   0.07974  -0.00474   0.00501
  -0.00560   0.05350  -0.06532   0.00362  -0.00538
   0.00020   0.00669   0.00528  -0.00007  -0.00015
  -0.00234   0.00201   0.00788   0.00073  -0.00107
   0.00000   0.00000  -0.00000   0.00000  -0.00000
  -0.00083  -0.01225   0.01456   0.00045  -0.00019
  -0.00132   0.01350  -0.00943   0.00024  -0.00193
   0.00020   0.00669  -0.00007   0.00528  -0.12743
  -0.00234   0.00201   0.00073   0.00788   0.48901
   0.00000   0.00000  -0.00000   0.00000   0.00000
   0.00083   0.01225  -0.00045  -0.01456  -0.08097
  -0.00132   0.01350   0.00024  -0.00943  -0.35620
   1.00546  -0.00014   0.00579   0.00579   0.00093
  -0.00086   0.00046   0.00008   0.00008  -0.00821
   0.00000  -0.00000  -0.00000   0.00000   0.00000
   0.00000  -0.00000   0.02016  -0.02016  -0.00245
  -0.00784  -0.00010  -0.01112  -0.01112   0.00609
   0.00598   0.00060   0.00002  -0.12159   0.00013
  -0.02312  -0.00804  -0.00447   0.46539  -0.00670
   0.00000  -0.00000   0.00000  -0.00000   0.00000
   0.03043   0.00233   0.00250   0.34726  -0.00012
  -0.00274   0.00530   0.00110  -0.00046   0.00297
   0.00598   0.00060  -0.12159   0.00002  -0.00001
  -0.02312  -0.00804   0.46539  -0.00447   0.00101
   0.00000  -0.00000   0.00000  -0.00000  -0.00000
  -0.03043  -0.00233  -0.34726  -0.00250   0.00037
  -0.00274   0.00530  -0.00046   0.00110  -0.00080
  -0.00020  -0.00023   0.00007  -0.12364   0.00625
  -0.00142  -0.00276  -0.00065   0.48653   0.00280
   0.00000  -0.00000  -0.00000  -0.00000  -0.00000
  -0.00135  -0.00021   0.00048   0.07710  -0.00761
  -0.00247   0.00068   0.00009   0.35482   0.01932
  -0.00020  -0.00023  -0.12364   0.00007  -0.00011
  -0.00142  -0.00276   0.48653  -0.00065   0.00126
   0.00000  -0.00000   0.00000   0.00000  -0.00000
   0.00135   0.00021  -0.07710  -0.00048   0.00064
  -0.00247   0.00068   0.35482   0.00009  -0.00051

   1.97499   1.95563   1.95563   1.93371   1.93371
--------------------------------------------------
   0.00095   0.00152  -0.01668  -0.00097  -0.01726
  -0.00552   0.00581   0.09363   0.01134   0.10063
  -0.00000  -0.00000   0.00000  -0.00000   0.00000
   0.00501   0.00327  -0.01772  -0.01004   0.11206
   0.00538  -0.00629   0.10554   0.00127  -0.02750
  -0.00158   0.00009  -0.00084   0.00032  -0.00139
  -0.03458  -0.00059   0.00799  -0.00112  -0.04777
  -0.00000   0.00000  -0.00000  -0.00000   0.00000
   0.01588  -0.00040  -0.00011   0.00173  -0.01829
  -0.00807  -0.00051   0.00658  -0.00007  -0.01021
   0.09709   0.00084  -0.00009  -0.00139   0.00032
  -0.35376  -0.00799   0.00059  -0.04777  -0.00112
   0.00000   0.00000  -0.00000   0.00000  -0.00000
   0.41542  -0.00011  -0.00040   0.01829  -0.00173
   0.05583  -0.00658   0.00051  -0.01021  -0.00007
  -0.01461   0.01668  -0.00152  -0.01726  -0.00097
   0.07687  -0.09363  -0.00581   0.10063   0.01134
  -0.00000   0.00000   0.00000   0.00000  -0.00000
  -0.03445  -0.01772   0.00327  -0.11206   0.01004
  -0.08568  -0.10554   0.00629  -0.02750   0.00127
   0.12743   0.00016  -0.00017   0.10273  -0.00005
  -0.48901  -0.00594   0.00192  -0.36340   0.00022
   0.00000  -0.00000  -0.00000  -0.00000   0.00000
  -0.08097  -0.00477   0.00065   0.34460   0.00017
   0.35620  -0.00166   0.00117  -0.27269   0.00054
   0.00015   0.00017  -0.00016  -0.00005   0.10273
   0.00107  -0.00192   0.00594   0.00022  -0.36340
   0.00000   0.00000  -0.00000   0.00000  -0.00000
  -0.00019   0.00065  -0.00477  -0.00017  -0.34460
   0.00193  -0.00117   0.00166   0.00054  -0.27269
  -0.00093  -0.11912   0.11912  -0.00001  -0.00001
   0.00821   0.45359  -0.45359   0.00294   0.00294
   0.00000   0.00000  -0.00000  -0.00000  -0.00000
  -0.00245  -0.33245  -0.33245   0.00122  -0.00122
  -0.00609   0.12198  -0.12198  -0.00291  -0.00291
   0.00001   0.00736   0.10389  -0.00000  -0.00099
  -0.00101  -0.01051  -0.37409  -0.00124  -0.05184
   0.00000  -0.00000  -0.00000   0.00000   0.00000
   0.00037   0.02295   0.33964   0.00054  -0.01435
   0.00080  -0.01456  -0.28331   0.00044   0.01865
  -0.00013  -0.10389  -0.00736  -0.00099  -0.00000
   0.00670   0.37409   0.01051  -0.05184  -0.00124
   0.00000  -0.00000   0.00000   0.00000   0.00000
  -0.00012   0.33964   0.02295   0.01435  -0.00054
  -0.00297   0.28331   0.01456   0.01865   0.00044
   0.00011  -0.00019  -0.00165  -0.00008   0.10535
  -0.00126  -0.00304  -0.04817   0.00109  -0.38587
  -0.00000   0.00000   0.00000   0.00000  -0.00000
   0.00064  -0.00021   0.01276  -0.00088  -0.18871
   0.00051  -0.00230  -0.01488  -0.00023   0.41126
  -0.00625   0.00165   0.00019   0.10535  -0.00008
  -0.00280   0.04817   0.00304  -0.38587   0.00109
  -0.00000   0.00000  -0.00000  -0.00000   0.00000
  -0.00761   0.01276  -0.00021   0.18871   0.00088
  -0.01932   0.01488   0.00230   0.41126  -0.00023

   1.97647   1.97647   1.93249   1.93249   1.96641
--------------------------------------------------
  -0.11097  -0.00810  -0.10258   0.08161   0.00000
   0.40093   0.03168   0.35236  -0.28336   0.00000
  -0.00000   0.00000   0.00000   0.00000   0.44250
   0.21272  -0.04548  -0.26021   0.33663  -0.00000
  -0.29416  -0.02193   0.22794  -0.08587  -0.00000
  -0.01712  -0.00588   0.00761  -0.00889  -0.00000
   0.03502   0.03059  -0.02867   0.04272   0.00000
  -0.00000  -0.00000  -0.00000  -0.00000   0.21092
  -0.02821  -0.02817   0.01109  -0.01188   0.00000
   0.28081   0.03655  -0.03293   0.04244   0.00000
   0.00588   0.01712   0.00889  -0.00761   0.00000
  -0.03059  -0.03502  -0.04272   0.02867  -0.00000
   0.00000   0.00000  -0.00000   0.00000  -0.02835
  -0.02817  -0.02821  -0.01188   0.01109  -0.00000
  -0.03655  -0.28081  -0.04244   0.03293  -0.00000
   0.00810   0.11097  -0.08161   0.10258   0.00000
  -0.03168  -0.40093   0.28336  -0.35236  -0.00000
   0.00000  -0.00000   0.00000  -0.00000  -0.05011
  -0.04548   0.21272   0.33663  -0.26021  -0.00000
   0.02193   0.29416   0.08587  -0.22794   0.00000
  -0.00053   0.00540   0.00017  -0.00079  -0.00000
   0.00529   0.03028   0.02067  -0.02639   0.00000
  -0.00000   0.00000  -0.00000   0.00000   0.00673
   0.00513  -0.31238   0.00707  -0.00795   0.00000
   0.00409  -0.24821   0.00536  -0.00750   0.00000
  -0.00540   0.00053   0.00079  -0.00017   0.00000
  -0.03028  -0.00529   0.02639  -0.02067  -0.00000
  -0.00000   0.00000  -0.00000  -0.00000   0.31294
  -0.31238   0.00513  -0.00795   0.00707   0.00000
   0.24821  -0.00409   0.00750  -0.00536   0.00000
  -0.00112   0.00112  -0.02210   0.02210  -0.00000
   0.02364  -0.02364   0.05821  -0.05821  -0.00000
   0.00000   0.00000   0.00000  -0.00000   0.20769
   0.00574   0.00574  -0.00152  -0.00152  -0.00000
  -0.01321   0.01321  -0.28121   0.28121   0.00000
   0.01108   0.00016   0.00293  -0.01323   0.00000
  -0.07050   0.00177  -0.01631   0.07840   0.00000
   0.00000   0.00000   0.00000  -0.00000   0.31692
   0.00337   0.00028  -0.04518  -0.05616  -0.00000
   0.06982  -0.00172  -0.20134  -0.06555   0.00000
  -0.00016  -0.01108   0.01323  -0.00293   0.00000
  -0.00177   0.07050  -0.07840   0.01631  -0.00000
  -0.00000   0.00000  -0.00000  -0.00000  -0.02196
   0.00028   0.00337  -0.05616  -0.04518  -0.00000
   0.00172  -0.06982   0.06555   0.20134  -0.00000
  -0.00424  -0.00045   0.01025  -0.00004   0.00000
  -0.00298   0.00802  -0.06603  -0.03027   0.00000
  -0.00000  -0.00000  -0.00000  -0.00000   0.37094
  -0.21814  -0.00533   0.06187   0.01533  -0.00000
  -0.03167  -0.00190  -0.01500   0.00090   0.00000
   0.00045   0.00424   0.00004  -0.01025   0.00000
  -0.00802   0.00298   0.03027   0.06603  -0.00000
  -0.00000  -0.00000  -0.00000   0.00000   0.00615
  -0.00533  -0.21814   0.01533   0.06187  -0.00000
   0.00190   0.03167  -0.00090   0.01500   0.00000

   1.96641   1.99117   1.91675   1.91675   0.00000
--------------------------------------------------
  -0.00000  -0.00000   0.02695  -0.02390   0.00000
   0.00000   0.00000  -0.09202   0.05569   0.00000
  -0.05011  -0.01094  -0.00000  -0.00000   0.00000
  -0.00000   0.00000  -0.30478  -0.22926   0.00000
  -0.00000   0.00000  -0.38992  -0.03670   0.00000
   0.00000  -0.00000  -0.01054   0.00600   0.00000
  -0.00000   0.00000   0.03208  -0.03594   0.00000
  -0.02835   0.42318  -0.00000  -0.00000   0.00000
   0.00000  -0.00000  -0.00673  -0.00727   0.00000
   0.00000   0.00000   0.22360   0.06034   0.00000
   0.00000   0.00000   0.00600  -0.01054   0.00000
  -0.00000  -0.00000  -0.03594   0.03208   0.00000
   0.21092   0.42318  -0.00000  -0.00000   0.00000
   0.00000   0.00000   0.00727   0.00673   0.00000
  -0.00000   0.00000   0.06034   0.22360   0.00000
   0.00000  -0.00000  -0.02390   0.02695   0.00000
   0.00000   0.00000   0.05569  -0.09202   0.00000
   0.44250  -0.01094   0.00000   0.00000   0.00000
  -0.00000  -0.00000   0.22926   0.30478   0.00000
  -0.00000   0.00000  -0.03670  -0.38992   0.00000
  -0.00000   0.00000  -0.00011  -0.00317   0.00000
  -0.00000   0.00000   0.01045   0.01776   0.00000
   0.31294   0.22019   0.00000  -0.00000   0.00000
  -0.00000   0.00000   0.00037  -0.02387   0.00000
  -0.00000   0.00000   0.00170   0.05887   0.00000
   0.00000  -0.00000  -0.00317  -0.00011   0.00000
  -0.00000  -0.00000   0.01776   0.01045   0.00000
   0.00673   0.22019   0.00000   0.00000   0.00000
   0.00000   0.00000   0.02387  -0.00037   0.00000
   0.00000  -0.00000   0.05887   0.00170   0.00000
  -0.00000   0.00000   0.00874   0.00874   0.00000
   0.00000   0.00000  -0.01798  -0.01798   0.00000
   0.20769  -0.38999   0.00000   0.00000   0.00000
  -0.00000   0.00000   0.00724  -0.00724   0.00000
   0.00000   0.00000   0.09126   0.09126   0.00000
   0.00000  -0.00000   0.00996  -0.00138   0.00000
  -0.00000  -0.00000   0.00936   0.01460   0.00000
  -0.02196  -0.26136   0.00000  -0.00000   0.00000
   0.00000   0.00000   0.13327  -0.00789   0.00000
  -0.00000   0.00000   0.33371  -0.01256   0.00000
   0.00000   0.00000  -0.00138   0.00996   0.00000
  -0.00000  -0.00000   0.01460   0.00936   0.00000
   0.31692  -0.26136  -0.00000   0.00000   0.00000
  -0.00000  -0.00000   0.00789  -0.13327   0.00000
  -0.00000   0.00000  -0.01256   0.33371   0.00000
  -0.00000  -0.00000   0.01426  -0.00321   0.00000
   0.00000   0.00000  -0.02924   0.03622   0.00000
   0.00615   0.00706  -0.00000   0.00000   0.00000
  -0.00000  -0.00000   0.32969  -0.02602   0.00000
  -0.00000   0.00000   0.05986  -0.00713   0.00000
  -0.00000  -0.00000  -0.00321   0.01426   0.00000
  -0.00000   0.00000   0.03622  -0.02924   0.00000
   0.37094   0.00706  -0.00000   0.00000   0.00000
   0.00000   0.00000   0.02602  -0.32969   0.00000
  -0.00000   0.00000  -0.00713   0.05986   0.00000

