nboAmnt=  29
bond   1 ( 1 center,2.000 e):  4(2.000) 
bond   2 ( 1 center,2.000 e):  1(2.000) 
bond   3 ( 1 center,2.000 e): 10(2.000) 
bond   4 ( 1 center,2.000 e): 11(2.000) 
bond   5 ( 1 center,2.000 e):  5(2.000) 
bond   6 ( 1 center,2.000 e):  6(2.000) 
bond   7 ( 1 center,2.000 e):  8(2.000) 
bond   8 ( 1 center,2.000 e):  9(2.000) 
bond   9 ( 1 center,2.000 e):  3(2.000) 
bond  10 ( 1 center,2.000 e):  2(2.000) 
bond  11 ( 1 center,2.000 e):  7(2.000) 
bond  12 ( 2 center,1.994 e):  2(0.997)   3(0.997) 
bond  13 ( 2 center,1.987 e):  9(0.978)  11(1.009) 
bond  14 ( 2 center,1.987 e):  8(0.978)  10(1.009) 
bond  15 ( 2 center,1.975 e):  2(0.911)   6(1.064) 
bond  16 ( 2 center,1.975 e):  3(0.911)   5(1.064) 
bond  17 ( 2 center,1.956 e):  7(0.963)   9(0.992) 
bond  18 ( 2 center,1.956 e):  7(0.963)   8(0.992) 
bond  19 ( 2 center,1.934 e):  5(0.954)  11(0.979) 
bond  20 ( 2 center,1.934 e):  6(0.954)  10(0.979) 
bond  21 ( 4 center,1.976 e):  1(0.840)   2(0.330)   6(0.598)  10(0.208) 
bond  22 ( 4 center,1.976 e):  3(0.330)   4(0.840)   5(0.598)  11(0.208) 
bond  23 ( 4 center,1.932 e):  1(0.790)   4(0.618)   7(0.367)   8(0.158) 
bond  24 ( 4 center,1.932 e):  1(0.618)   4(0.790)   7(0.367)   9(0.158) 
bond  25 ( 6 center,1.966 e):  1(0.588)   2(0.142)   6(0.331)   7(0.131)   8(0.336)  10(0.439) 
bond  26 ( 6 center,1.966 e):  3(0.142)   4(0.588)   5(0.331)   7(0.131)   9(0.336)  11(0.439) 
bond  27 ( 7 center,1.991 e):  2(0.477)   3(0.477)   5(0.142)   6(0.142)   7(0.393)   8(0.180)   9(0.180) 
bond  28 ( 7 center,1.917 e):  1(0.777)   2(0.150)   3(0.028)   4(0.132)   7(0.040)   8(0.435)  10(0.354) 
bond  29 ( 7 center,1.917 e):  1(0.132)   2(0.028)   3(0.150)   4(0.777)   7(0.040)   9(0.435)  11(0.354) 
residual density: -1.269055
