                           1         2         3         4         5
                       (SGG)--O  (SGG)--O  (PIU)--O  (PIU)--O  (SGU)--O
     EIGENVALUES --     2.00004   2.00004   2.00002   2.00000   1.99993
   1 1   Mg 1S         -0.00000   0.00000  -0.04839  -1.01645   0.14441
   2        2S          0.00000   0.00000   0.53474   0.09112  -0.87932
   3        2PX         0.99591   0.00000   0.00000   0.00000   0.00000
   4        2PY         0.00000  -0.99591  -0.00000  -0.00000   0.00000
   5        2PZ         0.00000  -0.00000  -0.85626  -0.03397  -0.51278
   6        3S          0.00000   0.00000  -0.02353   0.00037  -0.00327
   7        3PX         0.02288   0.00000   0.00000   0.00000   0.00000
   8        3PY         0.00000  -0.02288  -0.00000  -0.00000   0.00000
   9        3PZ         0.00000   0.00000  -0.01199  -0.00056  -0.01399
  10        4S          0.00000  -0.00000  -0.01133  -0.00074   0.00361
  11        4PX        -0.00616  -0.00000  -0.00000  -0.00000  -0.00000
  12        4PY        -0.00000   0.00616   0.00000   0.00000  -0.00000
  13        4PZ        -0.00000  -0.00000   0.01078   0.00039   0.00254
  14        5XX        -0.00000   0.00000   0.00290   0.00036   0.00121
  15        5YY        -0.00000   0.00000   0.00290   0.00036   0.00121
  16        5ZZ         0.00000  -0.00000  -0.00795   0.00006  -0.00101
  17        5XY         0.00000   0.00000   0.00000   0.00000   0.00000
  18        5XZ         0.00440   0.00000   0.00000   0.00000   0.00000
  19        5YZ         0.00000  -0.00440  -0.00000  -0.00000   0.00000
  20 2   H  1S          0.00000   0.00000  -0.01282  -0.00038   0.00350
  21        2S          0.00000   0.00000  -0.03487  -0.00107   0.01093
                           6         7         8         9        10
                       (SGG)--O  (SGU)--O  (PIU)--V  (PIU)--V  (SGG)--V
     EIGENVALUES --     2.00005   0.00000   0.00000   0.00000   0.00000
   1 1   Mg 1S         -0.01619   0.00000   0.00000   0.00000   0.00000
   2        2S          0.08100   0.00000   0.00000   0.00000   0.00000
   3        2PX         0.00000   0.00000   0.00000   0.00000   0.00000
   4        2PY        -0.00000   0.00000   0.00000   0.00000   0.00000
   5        2PZ        -0.02573   0.00000   0.00000   0.00000   0.00000
   6        3S         -0.24741   0.00000   0.00000   0.00000   0.00000
   7        3PX         0.00000   0.00000   0.00000   0.00000   0.00000
   8        3PY        -0.00000   0.00000   0.00000   0.00000   0.00000
   9        3PZ         0.09969   0.00000   0.00000   0.00000   0.00000
  10        4S         -0.16890   0.00000   0.00000   0.00000   0.00000
  11        4PX        -0.00000   0.00000   0.00000   0.00000   0.00000
  12        4PY         0.00000   0.00000   0.00000   0.00000   0.00000
  13        4PZ         0.06619   0.00000   0.00000   0.00000   0.00000
  14        5XX         0.00610   0.00000   0.00000   0.00000   0.00000
  15        5YY         0.00610   0.00000   0.00000   0.00000   0.00000
  16        5ZZ        -0.05244   0.00000   0.00000   0.00000   0.00000
  17        5XY         0.00000   0.00000   0.00000   0.00000   0.00000
  18        5XZ         0.00000   0.00000   0.00000   0.00000   0.00000
  19        5YZ        -0.00000   0.00000   0.00000   0.00000   0.00000
  20 2   H  1S         -0.28649   0.00000   0.00000   0.00000   0.00000
  21        2S         -0.44540   0.00000   0.00000   0.00000   0.00000
